[debug] [2024-10-16T23:07:54.651Z] ----------------------------------------------------------------------
[debug] [2024-10-16T23:07:54.652Z] Command:       C:\Program Files\nodejs\node.exe C:\Users\eboer\AppData\Roaming\npm\node_modules\firebase-tools\lib\bin\firebase.js deploy --debug
[debug] [2024-10-16T23:07:54.653Z] CLI Version:   13.22.0
[debug] [2024-10-16T23:07:54.653Z] Platform:      win32
[debug] [2024-10-16T23:07:54.653Z] Node Version:  v20.13.1
[debug] [2024-10-16T23:07:54.653Z] Time:          Wed Oct 16 2024 18:07:54 GMT-0500 (Central Daylight Time)
[debug] [2024-10-16T23:07:54.653Z] ----------------------------------------------------------------------
[debug] 
[debug] [2024-10-16T23:07:54.693Z] > command requires scopes: ["email","openid","https://www.googleapis.com/auth/cloudplatformprojects.readonly","https://www.googleapis.com/auth/firebase","https://www.googleapis.com/auth/cloud-platform"]
[debug] [2024-10-16T23:07:54.694Z] > authorizing via signed-in user (eboerschinger@gmail.com)
[debug] [2024-10-16T23:07:54.695Z] [iam] checking project myportfolio-1ae36 for permissions ["firebase.projects.get","firebasehosting.sites.update"]
[debug] [2024-10-16T23:07:54.695Z] Checked if tokens are valid: false, expires at: 1729040922332
[debug] [2024-10-16T23:07:54.696Z] Checked if tokens are valid: false, expires at: 1729040922332
[debug] [2024-10-16T23:07:54.696Z] > refreshing access token with scopes: []
[debug] [2024-10-16T23:07:54.697Z] >>> [apiv2][query] POST https://www.googleapis.com/oauth2/v3/token [none]
[debug] [2024-10-16T23:07:54.697Z] >>> [apiv2][body] POST https://www.googleapis.com/oauth2/v3/token [omitted]
[debug] [2024-10-16T23:07:54.930Z] <<< [apiv2][status] POST https://www.googleapis.com/oauth2/v3/token 200
[debug] [2024-10-16T23:07:54.930Z] <<< [apiv2][body] POST https://www.googleapis.com/oauth2/v3/token [omitted]
[debug] [2024-10-16T23:07:54.936Z] >>> [apiv2][query] POST https://cloudresourcemanager.googleapis.com/v1/projects/myportfolio-1ae36:testIamPermissions [none]
[debug] [2024-10-16T23:07:54.936Z] >>> [apiv2][(partial)header] POST https://cloudresourcemanager.googleapis.com/v1/projects/myportfolio-1ae36:testIamPermissions x-goog-quota-user=projects/myportfolio-1ae36
[debug] [2024-10-16T23:07:54.936Z] >>> [apiv2][body] POST https://cloudresourcemanager.googleapis.com/v1/projects/myportfolio-1ae36:testIamPermissions {"permissions":["firebase.projects.get","firebasehosting.sites.update"]}
[debug] [2024-10-16T23:07:55.153Z] <<< [apiv2][status] POST https://cloudresourcemanager.googleapis.com/v1/projects/myportfolio-1ae36:testIamPermissions 200
[debug] [2024-10-16T23:07:55.153Z] <<< [apiv2][body] POST https://cloudresourcemanager.googleapis.com/v1/projects/myportfolio-1ae36:testIamPermissions {"permissions":["firebase.projects.get","firebasehosting.sites.update"]}
[debug] [2024-10-16T23:07:55.154Z] Checked if tokens are valid: true, expires at: 1729123673930
[debug] [2024-10-16T23:07:55.154Z] Checked if tokens are valid: true, expires at: 1729123673930
[debug] [2024-10-16T23:07:55.154Z] >>> [apiv2][query] GET https://firebase.googleapis.com/v1beta1/projects/myportfolio-1ae36 [none]
[debug] [2024-10-16T23:07:55.368Z] <<< [apiv2][status] GET https://firebase.googleapis.com/v1beta1/projects/myportfolio-1ae36 200
[debug] [2024-10-16T23:07:55.368Z] <<< [apiv2][body] GET https://firebase.googleapis.com/v1beta1/projects/myportfolio-1ae36 {"projectId":"myportfolio-1ae36","projectNumber":"91632347570","displayName":"myportfolio","name":"projects/myportfolio-1ae36","resources":{"hostingSite":"myportfolio-1ae36"},"state":"ACTIVE","etag":"1_aa5c88ac-23c1-49c6-8a4b-e941bfd41717"}
[info] 
[info] === Deploying to 'myportfolio-1ae36'...
[info] 
[info] i  deploying hosting 
[debug] [2024-10-16T23:07:55.371Z] Checked if tokens are valid: true, expires at: 1729123673930
[debug] [2024-10-16T23:07:55.371Z] Checked if tokens are valid: true, expires at: 1729123673930
[debug] [2024-10-16T23:07:55.371Z] >>> [apiv2][query] POST https://firebasehosting.googleapis.com/v1beta1/projects/-/sites/myportfolio-1ae36/versions [none]
[debug] [2024-10-16T23:07:55.371Z] >>> [apiv2][body] POST https://firebasehosting.googleapis.com/v1beta1/projects/-/sites/myportfolio-1ae36/versions {"status":"CREATED","labels":{"deployment-tool":"cli-firebase"}}
[debug] [2024-10-16T23:07:56.583Z] <<< [apiv2][status] POST https://firebasehosting.googleapis.com/v1beta1/projects/-/sites/myportfolio-1ae36/versions 200
[debug] [2024-10-16T23:07:56.583Z] <<< [apiv2][body] POST https://firebasehosting.googleapis.com/v1beta1/projects/-/sites/myportfolio-1ae36/versions {"name":"projects/91632347570/sites/myportfolio-1ae36/versions/f2a2d4e41751d82c","status":"CREATED","config":{},"labels":{"deployment-tool":"cli-firebase"}}
[info] i  hosting[myportfolio-1ae36]: beginning deploy... 
[info] i  hosting[myportfolio-1ae36]: found 4 files in public 
[debug] [2024-10-16T23:07:56.591Z] [hosting] uploading with 200 concurrency
[debug] [2024-10-16T23:07:56.593Z] Checked if tokens are valid: true, expires at: 1729123673930
[debug] [2024-10-16T23:07:56.593Z] Checked if tokens are valid: true, expires at: 1729123673930
[debug] [2024-10-16T23:07:56.594Z] [hosting] hash cache [cHVibGlj] stored for 4 files
[debug] [2024-10-16T23:07:56.594Z] [hosting][hash queue][FINAL] {"max":0,"min":0,"avg":0,"active":0,"complete":4,"success":4,"errored":0,"retried":0,"total":4,"elapsed":2}
[debug] [2024-10-16T23:07:56.594Z] >>> [apiv2][query] POST https://firebasehosting.googleapis.com/v1beta1/projects/91632347570/sites/myportfolio-1ae36/versions/f2a2d4e41751d82c:populateFiles [none]
[debug] [2024-10-16T23:07:56.594Z] >>> [apiv2][body] POST https://firebasehosting.googleapis.com/v1beta1/projects/91632347570/sites/myportfolio-1ae36/versions/f2a2d4e41751d82c:populateFiles {"files":{"/portfoliopic.jpg":"c0fbe543652b7b7994b5f629273b7104b413bbd4f1a458df2d6a87caf07c5864","/kittenzapp.png":"12d5a328308ea92c08c8ae660413e63e513b3c5f4de80d6dab47a0973bb68146","/index.html":"c4f2f3fafc510bc4e4df5ba95cc6f3a022f1844b327327655ead1ad7058946d6","/edenrestored.png":"eaac063bfae7df64de78bdf6bea411cc100e1a0225d282c7538e99504b2cf35e"}}
[debug] [2024-10-16T23:07:57.047Z] <<< [apiv2][status] POST https://firebasehosting.googleapis.com/v1beta1/projects/91632347570/sites/myportfolio-1ae36/versions/f2a2d4e41751d82c:populateFiles 200
[debug] [2024-10-16T23:07:57.048Z] <<< [apiv2][body] POST https://firebasehosting.googleapis.com/v1beta1/projects/91632347570/sites/myportfolio-1ae36/versions/f2a2d4e41751d82c:populateFiles {"uploadUrl":"https://upload-firebasehosting.googleapis.com/upload/sites/myportfolio-1ae36/versions/f2a2d4e41751d82c/files"}
[debug] [2024-10-16T23:07:57.048Z] [hosting][populate queue][FINAL] {"max":455,"min":455,"avg":455,"active":0,"complete":1,"success":1,"errored":0,"retried":0,"total":1,"elapsed":455}
[debug] [2024-10-16T23:07:57.048Z] [hosting] uploads queued: 0
[debug] [2024-10-16T23:07:57.048Z] [hosting][upload queue][FINAL] {"max":0,"min":9999999999,"avg":0,"active":0,"complete":0,"success":0,"errored":0,"retried":0,"total":0,"elapsed":1729120077048}
[info] i  hosting: upload complete 
[info] +  hosting[myportfolio-1ae36]: file upload complete 
[debug] [2024-10-16T23:07:57.049Z] [hosting] deploy completed after 464ms
[debug] [2024-10-16T23:07:57.049Z] [
  {
    "config": {
      "public": "public",
      "ignore": [
        "firebase.json",
        "**/.*",
        "**/node_modules/**"
      ],
      "rewrites": [
        {
          "source": "**",
          "destination": "/index.html"
        }
      ],
      "site": "myportfolio-1ae36"
    },
    "version": "projects/91632347570/sites/myportfolio-1ae36/versions/f2a2d4e41751d82c"
  }
]
[info] i  hosting[myportfolio-1ae36]: finalizing version... 
[debug] [2024-10-16T23:07:57.051Z] Checked if tokens are valid: true, expires at: 1729123673930
[debug] [2024-10-16T23:07:57.051Z] Checked if tokens are valid: true, expires at: 1729123673930
[debug] [2024-10-16T23:07:57.051Z] >>> [apiv2][query] PATCH https://firebasehosting.googleapis.com/v1beta1/projects/-/sites/myportfolio-1ae36/versions/f2a2d4e41751d82c updateMask=status%2Cconfig
[debug] [2024-10-16T23:07:57.051Z] >>> [apiv2][body] PATCH https://firebasehosting.googleapis.com/v1beta1/projects/-/sites/myportfolio-1ae36/versions/f2a2d4e41751d82c {"status":"FINALIZED","config":{"rewrites":[{"glob":"**","path":"/index.html"}]}}
[debug] [2024-10-16T23:07:57.767Z] <<< [apiv2][status] PATCH https://firebasehosting.googleapis.com/v1beta1/projects/-/sites/myportfolio-1ae36/versions/f2a2d4e41751d82c 200
[debug] [2024-10-16T23:07:57.768Z] <<< [apiv2][body] PATCH https://firebasehosting.googleapis.com/v1beta1/projects/-/sites/myportfolio-1ae36/versions/f2a2d4e41751d82c {"name":"projects/91632347570/sites/myportfolio-1ae36/versions/f2a2d4e41751d82c","status":"FINALIZED","config":{"rewrites":[{"glob":"**","path":"/index.html"}]},"labels":{"deployment-tool":"cli-firebase"},"createTime":"2024-10-16T23:07:56.100017Z","createUser":{"email":"Eboerschinger@gmail.com"},"finalizeTime":"2024-10-16T23:07:57.868384Z","finalizeUser":{"email":"Eboerschinger@gmail.com"}}
[debug] [2024-10-16T23:07:57.769Z] [hosting] finalized version for myportfolio-1ae36:[object Object]
[info] +  hosting[myportfolio-1ae36]: version finalized 
[info] i  hosting[myportfolio-1ae36]: releasing new version... 
[debug] [2024-10-16T23:07:57.770Z] Checked if tokens are valid: true, expires at: 1729123673930
[debug] [2024-10-16T23:07:57.770Z] Checked if tokens are valid: true, expires at: 1729123673930
[debug] [2024-10-16T23:07:57.770Z] >>> [apiv2][query] POST https://firebasehosting.googleapis.com/v1beta1/projects/-/sites/myportfolio-1ae36/channels/live/releases versionName=projects%2F91632347570%2Fsites%2Fmyportfolio-1ae36%2Fversions%2Ff2a2d4e41751d82c
[debug] [2024-10-16T23:07:57.770Z] >>> [apiv2][body] POST https://firebasehosting.googleapis.com/v1beta1/projects/-/sites/myportfolio-1ae36/channels/live/releases {}
[debug] [2024-10-16T23:07:58.405Z] <<< [apiv2][status] POST https://firebasehosting.googleapis.com/v1beta1/projects/-/sites/myportfolio-1ae36/channels/live/releases 200
